<?xml version="1.0" encoding="UTF-8"?>
<testng-results skipped="0" failed="0" total="2" passed="2">
  <reporter-output>
    <line>
      <![CDATA[Passed: 2]]>
    </line>
    <line>
      <![CDATA[Failed: 0]]>
    </line>
  </reporter-output>
  <suite name="Suite" duration-ms="5889" started-at="2018-06-25T06:24:12Z" finished-at="2018-06-25T06:24:18Z">
    <groups>
    </groups>
    <test name="Test" duration-ms="5889" started-at="2018-06-25T06:24:12Z" finished-at="2018-06-25T06:24:18Z">
      <class name="test.inputform.CheckBoxTest">
        <test-method status="PASS" signature="initApplication(java.lang.String)[pri:0, instance:test.inputform.CheckBoxTest@6c3708b3]" name="initApplication" is-config="true" duration-ms="8606" started-at="2018-06-25T11:54:04Z" finished-at="2018-06-25T11:54:12Z">
          <params>
            <param index="0">
              <value>
                <![CDATA[chrome]]>
              </value>
            </param>
          </params>
          <reporter-output>
          </reporter-output>
        </test-method> <!-- initApplication -->
        <test-method status="PASS" signature="beforeMethod()[pri:0, instance:test.inputform.CheckBoxTest@6c3708b3]" name="beforeMethod" is-config="true" duration-ms="1" started-at="2018-06-25T11:54:17Z" finished-at="2018-06-25T11:54:17Z">
          <reporter-output>
          </reporter-output>
        </test-method> <!-- beforeMethod -->
        <test-method status="PASS" signature="beforeClass()[pri:0, instance:test.inputform.CheckBoxTest@6c3708b3]" name="beforeClass" is-config="true" duration-ms="0" started-at="2018-06-25T11:54:17Z" finished-at="2018-06-25T11:54:17Z">
          <reporter-output>
          </reporter-output>
        </test-method> <!-- beforeClass -->
        <test-method status="PASS" signature="verifyCheckBoxFun()[pri:0, instance:test.inputform.CheckBoxTest@6c3708b3]" name="verifyCheckBoxFun" duration-ms="1470" started-at="2018-06-25T11:54:17Z" description="This test case is to verify check box functionality" finished-at="2018-06-25T11:54:18Z">
          <reporter-output>
          </reporter-output>
        </test-method> <!-- verifyCheckBoxFun -->
        <test-method status="PASS" signature="afterMethod(org.testng.ITestResult)[pri:0, instance:test.inputform.CheckBoxTest@6c3708b3]" name="afterMethod" is-config="true" duration-ms="1" started-at="2018-06-25T11:54:18Z" finished-at="2018-06-25T11:54:18Z">
          <params>
            <param index="0">
              <value>
                <![CDATA[[TestResult name=verifyCheckBoxFun status=SUCCESS method=CheckBoxTest.verifyCheckBoxFun()[pri:0, instance:test.inputform.CheckBoxTest@6c3708b3] output={null}]]]>
              </value>
            </param>
          </params>
          <reporter-output>
          </reporter-output>
        </test-method> <!-- afterMethod -->
        <test-method status="PASS" signature="postCondition()[pri:0, instance:test.inputform.CheckBoxTest@6c3708b3]" name="postCondition" is-config="true" duration-ms="0" started-at="2018-06-25T11:54:18Z" finished-at="2018-06-25T11:54:18Z">
          <reporter-output>
          </reporter-output>
        </test-method> <!-- postCondition -->
        <test-method status="FAIL" signature="cleanApplication()[pri:0, instance:test.inputform.CheckBoxTest@6c3708b3]" name="cleanApplication" is-config="true" duration-ms="0" started-at="2018-06-25T11:54:18Z" finished-at="2018-06-25T11:54:18Z">
          <exception class="java.lang.NoClassDefFoundError">
            <message>
              <![CDATA[com/sun/mail/util/MailLogger]]>
            </message>
            <full-stacktrace>
              <![CDATA[java.lang.NoClassDefFoundError: com/sun/mail/util/MailLogger
	at javax.mail.Session.initLogger(Session.java:230)
	at javax.mail.Session.<init>(Session.java:214)
	at javax.mail.Session.getDefaultInstance(Session.java:325)
	at com.easySelenium.common.SendMail.sendMail(SendMail.java:68)
	at com.easySelenium.common.SendMail.execute(SendMail.java:25)
	at com.easySelenium.common.CustomReport.generateReports(CustomReport.java:65)
	at com.easySelenium.common.BaseTest.cleanApplication(BaseTest.java:133)
	at sun.reflect.NativeMethodAccessorImpl.invoke0(Native Method)
	at sun.reflect.NativeMethodAccessorImpl.invoke(NativeMethodAccessorImpl.java:62)
	at sun.reflect.DelegatingMethodAccessorImpl.invoke(DelegatingMethodAccessorImpl.java:43)
	at java.lang.reflect.Method.invoke(Method.java:498)
	at org.testng.internal.MethodInvocationHelper.invokeMethod(MethodInvocationHelper.java:80)
	at org.testng.internal.Invoker.invokeConfigurationMethod(Invoker.java:564)
	at org.testng.internal.Invoker.invokeConfigurations(Invoker.java:213)
	at org.testng.internal.Invoker.invokeConfigurations(Invoker.java:138)
	at org.testng.SuiteRunner.privateRun(SuiteRunner.java:308)
	at org.testng.SuiteRunner.run(SuiteRunner.java:240)
	at org.testng.SuiteRunnerWorker.runSuite(SuiteRunnerWorker.java:52)
	at org.testng.SuiteRunnerWorker.run(SuiteRunnerWorker.java:86)
	at org.testng.TestNG.runSuitesSequentially(TestNG.java:1198)
	at org.testng.TestNG.runSuitesLocally(TestNG.java:1123)
	at org.testng.TestNG.run(TestNG.java:1031)
	at org.testng.remote.AbstractRemoteTestNG.run(AbstractRemoteTestNG.java:114)
	at org.testng.remote.RemoteTestNG.initAndRun(RemoteTestNG.java:251)
	at org.testng.remote.RemoteTestNG.main(RemoteTestNG.java:77)
Caused by: java.lang.ClassNotFoundException: com.sun.mail.util.MailLogger
	at java.net.URLClassLoader.findClass(URLClassLoader.java:381)
	at java.lang.ClassLoader.loadClass(ClassLoader.java:424)
	at sun.misc.Launcher$AppClassLoader.loadClass(Launcher.java:331)
	at java.lang.ClassLoader.loadClass(ClassLoader.java:357)
	... 25 more
]]>
            </full-stacktrace>
          </exception> <!-- java.lang.NoClassDefFoundError -->
          <reporter-output>
          </reporter-output>
        </test-method> <!-- cleanApplication -->
      </class> <!-- test.inputform.CheckBoxTest -->
      <class name="test.inputform.Test_Input_Form">
        <test-method status="PASS" signature="beforeClass()[pri:0, instance:test.inputform.Test_Input_Form@1f28c152]" name="beforeClass" is-config="true" duration-ms="4" started-at="2018-06-25T11:54:12Z" finished-at="2018-06-25T11:54:12Z">
          <reporter-output>
          </reporter-output>
        </test-method> <!-- beforeClass -->
        <test-method status="PASS" signature="beforeMethod()[pri:0, instance:test.inputform.Test_Input_Form@1f28c152]" name="beforeMethod" is-config="true" duration-ms="0" started-at="2018-06-25T11:54:13Z" finished-at="2018-06-25T11:54:13Z">
          <reporter-output>
          </reporter-output>
        </test-method> <!-- beforeMethod -->
        <test-method status="PASS" signature="test_SimpleForm()[pri:0, instance:test.inputform.Test_Input_Form@1f28c152]" name="test_SimpleForm" duration-ms="3649" started-at="2018-06-25T11:54:13Z" description="This test case is to verify input text box" finished-at="2018-06-25T11:54:16Z">
          <reporter-output>
          </reporter-output>
        </test-method> <!-- test_SimpleForm -->
        <test-method status="PASS" signature="afterMethod(org.testng.ITestResult)[pri:0, instance:test.inputform.Test_Input_Form@1f28c152]" name="afterMethod" is-config="true" duration-ms="3" started-at="2018-06-25T11:54:17Z" finished-at="2018-06-25T11:54:17Z">
          <params>
            <param index="0">
              <value>
                <![CDATA[[TestResult name=test_SimpleForm status=SUCCESS method=Test_Input_Form.test_SimpleForm()[pri:0, instance:test.inputform.Test_Input_Form@1f28c152] output={null}]]]>
              </value>
            </param>
          </params>
          <reporter-output>
          </reporter-output>
        </test-method> <!-- afterMethod -->
        <test-method status="PASS" signature="postCondition()[pri:0, instance:test.inputform.Test_Input_Form@1f28c152]" name="postCondition" is-config="true" duration-ms="0" started-at="2018-06-25T11:54:17Z" finished-at="2018-06-25T11:54:17Z">
          <reporter-output>
          </reporter-output>
        </test-method> <!-- postCondition -->
      </class> <!-- test.inputform.Test_Input_Form -->
    </test> <!-- Test -->
  </suite> <!-- Suite -->
</testng-results>
